<?xml version="1.0" encoding="UTF-8"?>
<!-- Generated by org.testng.reporters.JUnitReportReporter -->
<testsuite hostname="LAPTOP-0EPDFF3H" failures="0" tests="1" name="pom_testpkg.Rediff_LogoTest" time="29.144" errors="0" timestamp="2024-03-06T00:00:06 IST" skipped="0">
  <testcase classname="pom_testpkg.Rediff_LogoTest" name="test" time="29.144"/>
  <system-out/>
</testsuite> <!-- pom_testpkg.Rediff_LogoTest -->
