<?xml version="1.0" encoding="UTF-8"?>
<!-- Generated by org.testng.reporters.JUnitReportReporter -->
<testsuite hostname="LAPTOP-0EPDFF3H" failures="0" tests="1" name="test_ng.Action_Class" time="3.250" errors="0" timestamp="2024-02-22T09:55:37 IST" skipped="0">
  <testcase classname="test_ng.Action_Class" name="test" time="3.250"/>
  <system-out/>
</testsuite> <!-- test_ng.Action_Class -->
