<?xml version="1.0" encoding="UTF-8"?>
<!-- Generated by org.testng.reporters.JUnitReportReporter -->
<testsuite hostname="LAPTOP-0EPDFF3H" failures="0" tests="1" name="test_ng.Robort_Class" time="16.519" errors="0" timestamp="2024-03-01T13:32:27 IST" skipped="0">
  <testcase classname="test_ng.Robort_Class" name="test" time="16.519"/>
  <system-out/>
</testsuite> <!-- test_ng.Robort_Class -->
