<?xml version="1.0" encoding="UTF-8"?>
<!-- Generated by org.testng.reporters.JUnitReportReporter -->
<testsuite hostname="LAPTOP-0EPDFF3H" failures="0" tests="1" name="test_ng.Right_Click" time="3.681" errors="0" timestamp="2024-02-24T11:25:11 IST" skipped="0">
  <testcase classname="test_ng.Right_Click" name="test" time="3.681"/>
  <system-out/>
</testsuite> <!-- test_ng.Right_Click -->
