<?xml version="1.0" encoding="UTF-8"?>
<!-- Generated by org.testng.reporters.JUnitReportReporter -->
<testsuite hostname="LAPTOP-0EPDFF3H" failures="0" tests="1" name="pom_testpkg.FbTitle_Test" time="2.242" errors="0" timestamp="2024-03-05T23:21:45 IST" skipped="0">
  <testcase classname="pom_testpkg.FbTitle_Test" name="test" time="2.242"/>
  <system-out/>
</testsuite> <!-- pom_testpkg.FbTitle_Test -->
