<?xml version="1.0" encoding="UTF-8"?>
<!-- Generated by org.testng.reporters.JUnitReportReporter -->
<testsuite hostname="LAPTOP-0EPDFF3H" failures="0" tests="1" name="test_ng.K_Robort_Class" time="14.329" errors="0" timestamp="2024-03-07T19:50:18 IST" skipped="0">
  <testcase classname="test_ng.K_Robort_Class" name="test" time="14.329"/>
  <system-out/>
</testsuite> <!-- test_ng.K_Robort_Class -->
