<?xml version="1.0" encoding="UTF-8"?>
<!-- Generated by org.testng.reporters.JUnitReportReporter -->
<testsuite hostname="LAPTOP-0EPDFF3H" failures="0" tests="1" name="test_ng.G_DoubleClick" time="4.650" errors="0" timestamp="2024-03-04T09:31:29 IST" skipped="0">
  <testcase classname="test_ng.G_DoubleClick" name="test" time="4.650"/>
  <system-out/>
</testsuite> <!-- test_ng.G_DoubleClick -->
