<?xml version="1.0" encoding="UTF-8"?>
<!-- Generated by org.testng.reporters.JUnitReportReporter -->
<testsuite hostname="LAPTOP-0EPDFF3H" failures="0" tests="1" name="pom_testpkg.TestClass" time="2.290" errors="0" timestamp="2024-03-05T23:22:17 IST" skipped="0">
  <testcase classname="pom_testpkg.TestClass" name="testlogin" time="2.290"/>
  <system-out/>
</testsuite> <!-- pom_testpkg.TestClass -->
