<?xml version="1.0" encoding="UTF-8"?>
<!-- Generated by org.testng.reporters.JUnitReportReporter -->
<testsuite hostname="LAPTOP-0EPDFF3H" failures="0" tests="1" name="test_ng.AutoIt_wordPdf" time="0.079" errors="0" timestamp="2024-03-01T23:05:28 IST" skipped="0">
  <testcase classname="test_ng.AutoIt_wordPdf" name="test" time="0.079"/>
  <system-out/>
</testsuite> <!-- test_ng.AutoIt_wordPdf -->
