<?xml version="1.0" encoding="UTF-8"?>
<!-- Generated by org.testng.reporters.JUnitReportReporter -->
<testsuite hostname="LAPTOP-0EPDFF3H" failures="0" tests="1" name="pom_basepkg.FbTitle_VerfctnBase" time="2.118" errors="0" timestamp="2024-03-05T23:03:03 IST" skipped="0">
  <testcase classname="pom_basepkg.FbTitle_VerfctnBase" name="test" time="2.118"/>
  <system-out/>
</testsuite> <!-- pom_basepkg.FbTitle_VerfctnBase -->
