<?xml version="1.0" encoding="UTF-8"?>
<!-- Generated by org.testng.reporters.JUnitReportReporter -->
<testsuite hostname="LAPTOP-0EPDFF3H" failures="0" tests="1" name="test_ng.Parameterization" time="2.594" errors="0" timestamp="2024-03-11T21:08:12 IST" skipped="0">
  <testcase classname="test_ng.Parameterization" name="test" time="2.594"/>
  <system-out/>
</testsuite> <!-- test_ng.Parameterization -->
