<?xml version="1.0" encoding="UTF-8"?>
<!-- Generated by org.testng.reporters.JUnitReportReporter -->
<testsuite hostname="LAPTOP-0EPDFF3H" failures="0" tests="1" name="pom_testpkg.FbLink_SizeTest" time="1.931" errors="0" timestamp="2024-03-05T23:36:54 IST" skipped="0">
  <testcase classname="pom_testpkg.FbLink_SizeTest" name="test" time="1.931"/>
  <system-out/>
</testsuite> <!-- pom_testpkg.FbLink_SizeTest -->
