<?xml version="1.0" encoding="UTF-8"?>
<!-- Generated by org.testng.reporters.JUnitReportReporter -->
<testsuite hostname="LAPTOP-0EPDFF3H" failures="0" tests="1" name="test_ng.Drag_Drop" time="10.355" errors="0" timestamp="2024-02-22T10:32:43 IST" skipped="0">
  <testcase classname="test_ng.Drag_Drop" name="test" time="10.355"/>
  <system-out/>
</testsuite> <!-- test_ng.Drag_Drop -->
